<?xml version="1.0" encoding="UTF-8"?>
<testng-results skipped="0" failed="0" total="1" passed="1">
  <reporter-output>
  </reporter-output>
  <suite name="Test Suite" duration-ms="5802" started-at="2017-01-31T20:32:03Z" finished-at="2017-01-31T20:32:09Z">
    <groups>
    </groups>
    <test name="Test Test" duration-ms="5802" started-at="2017-01-31T20:32:03Z" finished-at="2017-01-31T20:32:09Z">
      <class name="com.SimpleMaven.com.SimpleMaven.AppTest">
        <test-method status="PASS" signature="initiate()[pri:0, instance:com.SimpleMaven.com.SimpleMaven.AppTest@3498ed]" name="initiate" is-config="true" duration-ms="4459" started-at="2017-02-01T02:02:03Z" finished-at="2017-02-01T02:02:08Z">
          <reporter-output>
          </reporter-output>
        </test-method> <!-- initiate -->
        <test-method status="PASS" signature="run()[pri:0, instance:com.SimpleMaven.com.SimpleMaven.AppTest@3498ed]" name="run" duration-ms="1312" started-at="2017-02-01T02:02:08Z" finished-at="2017-02-01T02:02:09Z">
          <reporter-output>
          </reporter-output>
        </test-method> <!-- run -->
        <test-method status="PASS" signature="Close()[pri:0, instance:com.SimpleMaven.com.SimpleMaven.AppTest@3498ed]" name="Close" is-config="true" duration-ms="0" started-at="2017-02-01T02:02:09Z" finished-at="2017-02-01T02:02:09Z">
          <reporter-output>
          </reporter-output>
        </test-method> <!-- Close -->
      </class> <!-- com.SimpleMaven.com.SimpleMaven.AppTest -->
    </test> <!-- Test Test -->
  </suite> <!-- Test Suite -->
</testng-results>
